#
# There is insufficient memory for the Java Runtime Environment to continue.
# Native memory allocation (mmap) failed to map 127926272 bytes. Error detail: G1 virtual space
# Possible reasons:
#   The system is out of physical RAM or swap space
#   This process is running with CompressedOops enabled, and the Java Heap may be blocking the growth of the native heap
# Possible solutions:
#   Reduce memory load on the system
#   Increase physical memory or swap space
#   Check if swap backing store is full
#   Decrease Java heap size (-Xmx/-Xms)
#   Decrease number of Java threads
#   Decrease Java thread stack sizes (-Xss)
#   Set larger code cache with -XX:ReservedCodeCacheSize=
#   JVM is running with Unscaled Compressed Oops mode in which the Java heap is
#     placed in the first 4GB address space. The Java Heap base address is the
#     maximum limit for the native heap growth. Please use -XX:HeapBaseMinAddress
#     to set the Java Heap base and to place the Java Heap above 4GB virtual address.
# This output file may be truncated or incomplete.
#
#  Out of Memory Error (os_windows.cpp:3713), pid=10032, tid=12276
#
# JRE version:  (21.0.9+10) (build )
# Java VM: OpenJDK 64-Bit Server VM (21.0.9+10-LTS, mixed mode, sharing, tiered, compressed oops, compressed class ptrs, g1 gc, windows-amd64)
# No core dump will be written. Minidumps are not enabled by default on client versions of Windows
#

---------------  S U M M A R Y ------------

Command Line: -Dorg.gradle.internal.worker.tmpdir=C:\Users\User\newcracker\build\tmp\test\work -Xmx512m -Dfile.encoding=UTF-8 -Duser.country=KR -Duser.language=ko -Duser.variant -ea worker.org.gradle.process.internal.worker.GradleWorkerMain 'Gradle Test Executor 1'

Host: 12th Gen Intel(R) Core(TM) i7-1260P, 16 cores, 7G,  Windows 11 , 64 bit Build 26100 (10.0.26100.7309)
Time: Tue Dec 23 14:55:56 2025 elapsed time: 1.163938 seconds (0d 0h 0m 1s)

---------------  T H R E A D  ---------------

Current thread (0x000001b663eb7d50):  JavaThread "Unknown thread" [_thread_in_vm, id=12276, stack(0x00000062b0200000,0x00000062b0300000) (1024K)]

Stack: [0x00000062b0200000,0x00000062b0300000]
Native frames: (J=compiled Java code, j=interpreted, Vv=VM code, C=native code)
V  [jvm.dll+0x6d6e29]
V  [jvm.dll+0x8b4b76]
V  [jvm.dll+0x8b712e]
V  [jvm.dll+0x8b7813]
V  [jvm.dll+0x283d86]
V  [jvm.dll+0x6d3745]
V  [jvm.dll+0x6c747a]
V  [jvm.dll+0x35e7e8]
V  [jvm.dll+0x366426]
V  [jvm.dll+0x3b73fe]
V  [jvm.dll+0x3b76a8]
V  [jvm.dll+0x3329ec]
V  [jvm.dll+0x33353b]
V  [jvm.dll+0x87deeb]
V  [jvm.dll+0x3c4381]
V  [jvm.dll+0x867135]
V  [jvm.dll+0x457391]
V  [jvm.dll+0x458f81]
C  [jli.dll+0x52d0]
C  [ucrtbase.dll+0x37b0]
C  [KERNEL32.DLL+0x2e8d7]
C  [ntdll.dll+0x8c53c]


---------------  P R O C E S S  ---------------

Threads class SMR info:
_java_thread_list=0x00007ffe88e691c8, length=0, elements={
}

Java Threads: ( => current thread )
Total: 0

Other Threads:
  0x000001b663ee6480 WorkerThread "GC Thread#0"                     [id=32352, stack(0x00000062b0300000,0x00000062b0400000) (1024K)]
  0x000001b663eeb460 ConcurrentGCThread "G1 Main Marker"            [id=36272, stack(0x00000062b0400000,0x00000062b0500000) (1024K)]
  0x000001b663eecde0 WorkerThread "G1 Conc#0"                       [id=36592, stack(0x00000062b0500000,0x00000062b0600000) (1024K)]

[error occurred during error reporting (printing all threads), id 0xc0000005, EXCEPTION_ACCESS_VIOLATION (0xc0000005) at pc=0x00007ffe885650d7]
VM state: not at safepoint (not fully initialized)

VM Mutex/Monitor currently owned by a thread:  ([mutex/lock_event])
[0x00007ffe88edd670] Heap_lock - owner thread: 0x000001b663eb7d50

Heap address: 0x00000000e0000000, size: 512 MB, Compressed Oops mode: 32-bit

CDS archive(s) mapped at: [0x0000000000000000-0x0000000000000000-0x0000000000000000), size 0, SharedBaseAddress: 0x0000000800000000, ArchiveRelocationMode: 1.
Narrow klass base: 0x0000000000000000, Narrow klass shift: 0, Narrow klass range: 0x0

GC Precious Log:
 CardTable entry size: 512
 Card Set container configuration: InlinePtr #cards 5 size 8 Array Of Cards #cards 12 size 40 Howl #buckets 4 coarsen threshold 1843 Howl Bitmap #cards 512 size 80 coarsen threshold 460 Card regions per heap region 1 cards per card region 2048

Heap:
 garbage-first heap   total 0K, used 0K [0x00000000e0000000, 0x0000000100000000)
  region size 1024K, 0 young (0K), 0 survivors (0K)

[error occurred during error reporting (printing heap information), id 0xc0000005, EXCEPTION_ACCESS_VIOLATION (0xc0000005) at pc=0x00007ffe889507a9]
GC Heap History (0 events):
No events

Dll operation events (1 events):
Event: 0.007 Loaded shared library C:\Users\User\.jdks\temurin-21.0.9\bin\java.dll

Deoptimization events (0 events):
No events

Classes loaded (0 events):
No events

Classes unloaded (0 events):
No events

Classes redefined (0 events):
No events

Internal exceptions (0 events):
No events

ZGC Phase Switch (0 events):
No events

VM Operations (0 events):
No events

Memory protections (0 events):
No events

Nmethod flushes (0 events):
No events

Events (0 events):
No events


Dynamic libraries:
0x00007ff7ca220000 - 0x00007ff7ca22e000 	C:\Users\User\.jdks\temurin-21.0.9\bin\java.exe
0x00007ffeea240000 - 0x00007ffeea4a7000 	C:\WINDOWS\SYSTEM32\ntdll.dll
0x00007ffee8830000 - 0x00007ffee88f9000 	C:\WINDOWS\System32\KERNEL32.DLL
0x00007ffee7a70000 - 0x00007ffee7e5f000 	C:\WINDOWS\System32\KERNELBASE.dll
0x00007ffee7840000 - 0x00007ffee798b000 	C:\WINDOWS\System32\ucrtbase.dll
0x00007ffeca990000 - 0x00007ffeca9a8000 	C:\Users\User\.jdks\temurin-21.0.9\bin\jli.dll
0x00007ffec7c10000 - 0x00007ffec7c2e000 	C:\Users\User\.jdks\temurin-21.0.9\bin\VCRUNTIME140.dll
0x00007ffee8a50000 - 0x00007ffee8c15000 	C:\WINDOWS\System32\USER32.dll
0x00007ffecdca0000 - 0x00007ffecdf33000 	C:\WINDOWS\WinSxS\amd64_microsoft.windows.common-controls_6595b64144ccf1df_6.0.26100.7309_none_3e05feeae336a044\COMCTL32.dll
0x00007ffee7990000 - 0x00007ffee79b7000 	C:\WINDOWS\System32\win32u.dll
0x00007ffee89e0000 - 0x00007ffee8a0b000 	C:\WINDOWS\System32\GDI32.dll
0x00007ffee9590000 - 0x00007ffee9639000 	C:\WINDOWS\System32\msvcrt.dll
0x00007ffee74d0000 - 0x00007ffee75fc000 	C:\WINDOWS\System32\gdi32full.dll
0x00007ffee7420000 - 0x00007ffee74c3000 	C:\WINDOWS\System32\msvcp_win.dll
0x00007ffee8a10000 - 0x00007ffee8a41000 	C:\WINDOWS\System32\IMM32.DLL
0x00007ffecdc70000 - 0x00007ffecdc7c000 	C:\Users\User\.jdks\temurin-21.0.9\bin\vcruntime140_1.dll
0x00007ffeb3770000 - 0x00007ffeb37fd000 	C:\Users\User\.jdks\temurin-21.0.9\bin\msvcp140.dll
0x00007ffe88220000 - 0x00007ffe88fc0000 	C:\Users\User\.jdks\temurin-21.0.9\bin\server\jvm.dll
0x00007ffee8770000 - 0x00007ffee8824000 	C:\WINDOWS\System32\ADVAPI32.dll
0x00007ffee8320000 - 0x00007ffee83c6000 	C:\WINDOWS\System32\sechost.dll
0x00007ffee8200000 - 0x00007ffee8318000 	C:\WINDOWS\System32\RPCRT4.dll
0x00007ffee8130000 - 0x00007ffee81a4000 	C:\WINDOWS\System32\WS2_32.dll
0x00007ffee71e0000 - 0x00007ffee723e000 	C:\WINDOWS\SYSTEM32\POWRPROF.dll
0x00007ffec8eb0000 - 0x00007ffec8ee5000 	C:\WINDOWS\SYSTEM32\WINMM.dll
0x00007ffecb890000 - 0x00007ffecb89b000 	C:\WINDOWS\SYSTEM32\VERSION.dll
0x00007ffee71c0000 - 0x00007ffee71d4000 	C:\WINDOWS\SYSTEM32\UMPDC.dll
0x00007ffee60f0000 - 0x00007ffee610b000 	C:\WINDOWS\SYSTEM32\kernel.appcore.dll
0x00007ffebd630000 - 0x00007ffebd63a000 	C:\Users\User\.jdks\temurin-21.0.9\bin\jimage.dll
0x00007ffee47d0000 - 0x00007ffee4a12000 	C:\WINDOWS\SYSTEM32\DBGHELP.DLL
0x00007ffee9b60000 - 0x00007ffee9ee5000 	C:\WINDOWS\System32\combase.dll
0x00007ffee8900000 - 0x00007ffee89d6000 	C:\WINDOWS\System32\OLEAUT32.dll
0x00007ffec58c0000 - 0x00007ffec58fc000 	C:\WINDOWS\SYSTEM32\dbgcore.DLL
0x00007ffee79c0000 - 0x00007ffee7a65000 	C:\WINDOWS\System32\bcryptPrimitives.dll
0x00007ffebca40000 - 0x00007ffebca60000 	C:\Users\User\.jdks\temurin-21.0.9\bin\java.dll

JVMTI agents: none

dbghelp: loaded successfully - version: 4.0.5 - missing functions: none
symbol engine: initialized successfully - sym options: 0x614 - pdb path: .;C:\Users\User\.jdks\temurin-21.0.9\bin;C:\WINDOWS\SYSTEM32;C:\WINDOWS\WinSxS\amd64_microsoft.windows.common-controls_6595b64144ccf1df_6.0.26100.7309_none_3e05feeae336a044;C:\Users\User\.jdks\temurin-21.0.9\bin\server

VM Arguments:
jvm_args: -Dorg.gradle.internal.worker.tmpdir=C:\Users\User\newcracker\build\tmp\test\work -Xmx512m -Dfile.encoding=UTF-8 -Duser.country=KR -Duser.language=ko -Duser.variant -ea 
java_command: worker.org.gradle.process.internal.worker.GradleWorkerMain 'Gradle Test Executor 1'
java_class_path (initial): C:\\Users\\User\\.gradle\\caches\\8.14.3\\workerMain\\gradle-worker.jar;C:\\Users\\User\\newcracker\\build\\classes\\java\\test;C:\\Users\\User\\newcracker\\build\\classes\\java\\main;C:\\Users\\User\\newcracker\\build\\resources\\main;C:\\Users\\User\\.gradle\\caches\\modules-2\\files-2.1\\org.springframework.boot\\spring-boot-starter-data-jpa\\4.0.1\\22b1d62cb82cd5347b0ae2ac87ae9d0a12678662\\spring-boot-starter-data-jpa-4.0.1.jar;C:\\Users\\User\\.gradle\\caches\\modules-2\\files-2.1\\org.springframework.boot\\spring-boot-starter-validation\\4.0.1\\a65f750c574eb608c6df23b076dee84fa4a26aff\\spring-boot-starter-validation-4.0.1.jar;C:\\Users\\User\\.gradle\\caches\\modules-2\\files-2.1\\org.springframework.boot\\spring-boot-starter-web\\4.0.1\\5d686bdc4417486872aa7e1fa305bcf4fec7076b\\spring-boot-starter-web-4.0.1.jar;C:\\Users\\User\\.gradle\\caches\\modules-2\\files-2.1\\org.springframework.boot\\spring-boot-starter-security\\4.0.1\\9b5f936ee3c7d75f288ebbc14548c3dda4cd5f73\\spring-boot-starter-security-4.0.1.jar;C:\\Users\\User\\.gradle\\caches\\modules-2\\files-2.1\\io.jsonwebtoken\\jjwt-impl\\0.12.6\\ac23673a84b6089e0369fb8ab2c69edd91cd6eb0\\jjwt-impl-0.12.6.jar;C:\\Users\\User\\.gradle\\caches\\modules-2\\files-2.1\\io.jsonwebtoken\\jjwt-jackson\\0.12.6\\f141e0c1136ba17f2632858238a31ae05642dbf8\\jjwt-jackson-0.12.6.jar;C:\\Users\\User\\.gradle\\caches\\modules-2\\files-2.1\\io.jsonwebtoken\\jjwt-api\\0.12.6\\478886a888f6add04937baf0361144504a024967\\jjwt-api-0.12.6.jar;C:\\Users\\User\\.gradle\\caches\\modules-2\\files-2.1\\org.springframework.boot\\spring-boot-starter-data-redis\\4.0.1\\980e8cfbfef3fd1a0ea111a6a7185aefd0a0f1d2\\spring-boot-starter-data-redis-4.0.1.jar;C:\\Users\\User\\.gradle\\caches\\modules-2\\files-2.1\\org.apache.commons\\commons-pool2\\2.12.1\\e5c7b6c9f5a4b59be2bba213fbec70b413376fc1\\commons-pool2-2.12.1.jar;C:\\Users\\User\\.gradle\\caches\\modules-2\\files-2.1\\org.springframework.boot\\spring-boot-data-redis\\4.0.1\\a2af9fa576f5e2d110be00c061e2855a7c3cf4f\\spring-boot-data-redis-4.0.1.jar;C:\\Users\\User\\.gradle\\caches\\modules-2\\files-2.1\\io.lettuce\\lettuce-core\\6.8.1.RELEASE\\8863a67cd9b99331dfe9cf3188f79b3d0fa60226\\lettuce-core-6.8.1.RELEASE.jar;C:\\Users\\User\\.gradle\\caches\\modules-2\\files-2.1\\org.springdoc\\springdoc-openapi-starter-webmvc-ui\\2.8.6\\1f1e83afb8c6b37777dd8f0b10cb4670b0f05628\\springdoc-openapi-starter-webmvc-ui-2.8.6.jar;C:\\Users\\User\\.gradle\\caches\\modules-2\\files-2.1\\org.springdoc\\springdoc-openapi-starter-webmvc-api\\2.8.6\\d28bee4cccfebc0ac028c646bb54cac4c151765c\\springdoc-openapi-starter-webmvc-api-2.8.6.jar;C:\\Users\\User\\.gradle\\caches\\modules-2\\files-2.1\\org.springdoc\\springdoc-openapi-starter-common\\2.8.6\\880d794edd3254766e9a12daad41d75add0073d9\\springdoc-openapi-starter-common-2.8.6.jar;C:\\Users\\User\\.gradle\\caches\\modules-2\\files-2.1\\com.mysql\\mysql-connector-j\\9.5.0\\64153d7488bbf25c040f3b0f004177bc05b36b22\\mysql-connector-j-9.5.0.jar;C:\\Users\\User\\.gradle\\caches\\modules-2\\files-2.1\\org.springframework.boot\\spring-boot-starter-test\\4.0.1\\a078ee0682ed91dcc6a32bee85f0ff9c1f7cf6ee\\spring-boot-starter-test-4.0.1.jar;C:\\Users\\User\\.gradle\\caches\\modules-2\\files-2.1\\org.junit.jupiter\\junit-jupiter\\6.0.1\\b4b49470ed173a4b5f437851f6fdf1dc08dde93a\\junit-jupiter-6.0.1.jar;C:\\Users\\User\\.gradle\\caches\\modules-2\\files-2.1\\org.junit.jupiter\\junit-jupiter-engine\\6.0.1\\62f4f510ba70f516641b8db28d2a184fd283493b\\junit-jupiter-engine-6.0.1.jar;C:\\Users\\User\\.gradle\\caches\\modules-2\\files-2.1\\org.junit.platform\\junit-platform-engine\\6.0.1\\7b5b4c9a2298a7acd80e3267b49fda92e89cba4e\\junit-platform-engine-6.0.1.jar;C:\\Users\\User\\.gradle\\caches\\modules-2\\files-2.1\\org.mockito\\mockito-junit-jupiter\\5.20.0\\58ed6603af5f8f53886d49be00264a3fdd1278d5\\mockito-junit-jupiter-5.20.0.jar;C:\\Users\\User\\.gradle\\caches\\modules-2\\files-2.1\\org.junit.jupiter\\junit-jupiter-params\\6.0.1\\5c817a9421231ced101d19a699d5c99b992675\\junit-jupiter-params-6.0.1.jar;C:\\Users\\User\\.gradle\\caches\\modules-2\\files-2.1\\org.junit.jupiter\\junit-jupiter-api\\6.0.1\\fd95c21739621a27658aada0ac23ff3d354beaa5\\junit-jupiter-api-6.0.1.jar;C:\\Users\\User\\.gradle\\caches\\modules-2\\files-2.1\\org.junit.platform\\junit-platform-commons\\6.0.1\\d124ca836a0366bc499eb0dfb4ee63a8e602c8ff\\junit-platform-commons-6.0.1.jar;C:\\Users\\User\\.gradle\\caches\\modules-2\\files-2.1\\org.junit.platform\\junit-platform-launcher\\6.0.1\\9db4b5904c955cb1adb909de0e1b4793fe5c256d\\junit-platform-launcher-6.0.1.jar;C:\\Users\\User\\.gradle\\caches\\modules-2\\files-2.1\\org.springframework.boot\\spring-boot-starter-jdbc\\4.0.1\\fd16a73a05db1d551749f6059a519f88674bccad\\spring-boot-starter-jdbc-4.0.1.jar;C:\\Users\\User\\.gradle\\caches\\modules-2\\files-2.1\\org.springframework.boot\\spring-boot-starter-jackson\\4.0.1\\89aa1cd99f32ed00f1fd9d5c22e019e7cb9fa262\\spring-boot-starter-jackson-4.0.1.jar;C:\\Users\\User\\.gradle\\caches\\modules-2\\files-2.1\\org.springframework.boot\\spring-boot-starter-tomcat\\4.0.1\\ebf0883b5ef313119a35f74bfdcc55a816bf85a7\\spring-boot-starter-tomcat-4.0.1.jar;C:\\Users\\User\\.gradle\\caches\\modules-2\\files-2.1\\org.springframework.boot\\spring-boot-starter\\4.0.1\\775e306503c1170ba472a33a47a6549a15e7015f\\spring-boot-starter-4.0.1.jar;C:\\Users\\User\\.gradle\\caches\\modules-2\\files-2.1\\org.springframework.boot\\spring-boot-data-jpa\\4.0.1\\dcb255525d1af569bc3d1b73b7ab2e90304fb8fc\\spring-boot-data-jpa-4.0.1.jar;C:\\Users\\User\\.gradle\\caches\\modules-2\\files-2.1\\org.springframework.boot\\spring-boot-hibernate\\4.0.1\\ae2c71638a6ec7893efb6e9b7fd83413fb418707\\spring-boot-hibernate-4.0.1.jar;C:\\Users\\User\\.gradle\\caches\\modules-2\\files-2.1\\org.springframework.boot\\spring-boot-jpa\\4.0.1\\b4160f016ce4237cef1f607019c63052b0354ffe\\spring-boot-jpa-4.0.1.jar;C:\\Users\\User\\.gradle\\caches\\modules-2\\files-2.1\\org.springframework.boot\\spring-boot-jdbc\\4.0.1\\662bf050fb0f5ed32f33c8e0f52df803f623e112\\spring-boot-jdbc-4.0.1.jar;C:\\Users\\User\\.gradle\\caches\\modules-2\\files-2.1\\org.springframework.boot\\spring-boot-validation\\4.0.1\\51922ef1ef8049c95e2749d2a11bcb60d59c3ecf\\spring-boot-validation-4.0.1.jar;C:\\Users\\User\\.gradle\\caches\\modules-2\\files-2.1\\org.springframework.boot\\spring-boot-webmvc\\4.0.1\\4635bb0220cba3d95ab0b0883b5b1460f59bb31d\\spring-boot-webmvc-4.0.1.jar;C:\\Users\\User\\.gradle\\caches\\modules-2\\files-2.1\\org.springframework.boot\\spring-boot-http-converter\\4.0.1\\ff2953160f2bffc4c888067300f9bf367ae55f26\\spring-boot-http-converter-4.0.1.jar;C:\\Users\\User\\.gradle\\caches\\modules-2\\files-2.1\\org.springframework.boot\\spring-boot-security\\4.0.1\\9e406a65f41f9b4d94a7373aa3743c8178f9a226\\spring-boot-security-4.0.1.jar;C:\\Users\\User\\.gradle\\caches\\modules-2\\files-2.1\\org.springframework.data\\spring-data-jpa\\4.0.1\\692ba2d74dbd9d3ccd890c2e06aa7991b3869dd0\\spring-data-jpa-4.0.1.jar;C:\\Users\\User\\.gradle\\caches\\modules-2\\files-2.1\\org.springframework\\spring-webmvc\\7.0.2\\ed0b3b7724e8cb4b47976eda5e862b3dd1ed871b\\spring-webmvc-7.0.2.jar;C:\\Users\\User\\.gradle\\caches\\modules-2\\files-2.1\\org.springframework.security\\spring-security-config\\7.0.2\\d15ffd7762c07248e43ee153e27362e89ff8c6b4\\spring-security-config-7.0.2.jar;C:\\Users\\User\\.gradle\\caches\\modules-2\\files-2.1\\org.springframework.security\\spring-security-web\\7.0.2\\8d55b2164a866d932031b77ce21fed35a4a3bfe0\\spring-security-web-7.0.2.jar;C:\\Users\\User\\.gradle\\caches\\modules-2\\files-2.1\\org.springframework.data\\spring-data-redis\\4.0.1\\50e7a78977e85aed8fb2ec89a253cd3009846919\\spring-data-redis-4.0.1.jar;C:\\Users\\User\\.gradle\\caches\\modules-2\\files-2.1\\org.springframework.boot\\spring-boot-autoconfigure\\4.0.1\\808c34d74bbad5802bac8ce687424da4da93bb08\\spring-boot-autoconfigure-4.0.1.jar;C:\\Users\\User\\.gradle\\caches\\modules-2\\files-2.1\\org.springframework.boot\\spring-boot-test-autoconfigure\\4.0.1\\35cbc74f7cfaabdf2ec455f8cb90b92e2ec0fae7\\spring-boot-test-autoconfigure-4.0.1.jar;C:\\Users\\User\\.gradle\\caches\\modules-2\\files-2.1\\org.springframework.boot\\spring-boot-test\\4.0.1\\e396414018d2954af8dccb13877436bef50d118b\\spring-boot-test-4.0.1.jar;C:\\Users\\User\\.gradle\\caches\\modules-2\\files-2.1\\org.springframework.boot\\spring-boot-data-commons\\4.0.1\\f4e33e91371942dd41424d734fe1927fa0d66af\\spring-boot-data-commons-4.0.1.jar;C:\\Users\\User\\.gradle\\caches\\modules-2\\files-2.1\\org.springframework.boot\\spring-boot-sql\\4.0.1\\222c9c9902f52b41c0d90d0d2219427dc0001098\\spring-boot-sql-4.0.1.jar;C:\\Users\\User\\.gradle\\caches\\modules-2\\files-2.1\\org.springframework.boot\\spring-boot-transaction\\4.0.1\\10c8fa4e1f4588382bc1775aeeac5e6b3dfd26e\\spring-boot-transaction-4.0.1.jar;C:\\Users\\User\\.gradle\\caches\\modules-2\\files-2.1\\org.springframework.boot\\spring-boot-jackson\\4.0.1\\245c1e71474e903bb06b6fffc018c4b2d98738c4\\spring-boot-jackson-4.0.1.jar;C:\\Users\\User\\.gradle\\caches\\modules-2\\files-2.1\\org.springframework.boot\\spring-boot-servlet\\4.0.1\\3dcddba717a9deb204925f41f8e596bba07f417f\\spring-boot-servlet-4.0.1.jar;C:\\Users\\User\\.gradle\\caches\\modules-2\\files-2.1\\org.springframework.boot\\spring-boot-netty\\4.0.1\\bf81a24b1c94e521e0f043816efb32232b516717\\spring-boot-netty-4.0.1.jar;C:\\Users\\User\\.gradle\\caches\\modules-2\\files-2.1\\org.springframework.boot\\spring-boot-persistence\\4.0.1\\2fd127ec9968820eb89da0111564f74199052015\\spring-boot-persistence-4.0.1.jar;C:\\Users\\User\\.gradle\\caches\\modules-2\\files-2.1\\org.springframework.boot\\spring-boot-starter-tomcat-runtime\\4.0.1\\ce0f7d5cb75fbfcdbc839d0aeee62ce38f8ee58c\\spring-boot-starter-tomcat-runtime-4.0.1.jar;C:\\Users\\User\\.gradle\\caches\\modules-2\\files-2.1\\org.springframework.boot\\spring-boot-tomcat\\4.0.1\\4e89e61bfb085a95d1541f1f9ca2d705f31b6197\\spring-boot-tomcat-4.0.1.jar;C:\\Users\\User\\.gradle\\caches\\modules-2\\files-2.1\\org.springframework.boot\\spring-boot-web-server\\4.0.1\\659ce5f51c2bb7161db2811150a555a121dabd68\\spring-boot-web-server-4.0.1.jar;C:\\Users\\User\\.gradle\\caches\\modules-2\\files-2.1\\org.springframework.boot\\spring-boot\\4.0.1\\2c20ae598c14dd78d3098aafc8a799afbdf8e69a\\spring-boot-4.0.1.jar;C:\\Users\\User\\.gradle\\caches\\modules-2\\files-2.1\\org.springframework.security\\spring-security-core\\7.0.2\\40317c3763917b061b912bd381bf8016e38eebde\\spring-security-core-7.0.2.jar;C:\\Users\\User\\.gradle\\caches\\modules-2\\files-2.1\\org.springframework.data\\spring-data-keyvalue\\4.0.1\\85aaf36347d61de58a4009a439dd4722166e402c\\spring-data-keyvalue-4.0.1.jar;C:\\Users\\User\\.gradle\\caches\\modules-2\\files-2.1\\org.springframework\\spring-context-support\\7.0.2\\730eb28d537512cfc1a2550d5b9e0c1045e55c16\\spring-context-support-7.0.2.jar;C:\\Users\\User\\.gradle\\caches\\modules-2\\files-2.1\\org.springframework\\spring-context\\7.0.2\\531fbbabf0d9ff80bc506121acfd29dcb1531bf9\\spring-context-7.0.2.jar;C:\\Users\\User\\.gradle\\caches\\modules-2\\files-2.1\\org.springframework\\spring-aop\\7.0.2\\25b824571d184e9d47606a62dd787bcf7c55e88e\\spring-aop-7.0.2.jar;C:\\Users\\User\\.gradle\\caches\\modules-2\\files-2.1\\redis.clients.authentication\\redis-authx-core\\0.1.1-beta2\\4037345ff29fb22c737bab2ed116a34262718ae5\\redis-authx-core-0.1.1-beta2.jar;C:\\Users\\User\\.gradle\\caches\\modules-2\\files-2.1\\io.netty\\netty-resolver-dns\\4.2.9.Final\\565e7ff1266db445b6b1621b2f68015bf20b5406\\netty-resolver-dns-4.2.9.Final.jar;C:\\Users\\User\\.gradle\\caches\\modules-2\\files-2.1\\io.netty\\netty-handler\\4.2.9.Final\\f79da6a81f4390ed067301235e29705a7f774c5b\\netty-handler-4.2.9.Final.jar;C:\\Users\\User\\.gradle\\caches\\modules-2\\files-2.1\\io.netty\\netty-transport-native-unix-common\\4.2.9.Final\\ff416b5aaac1fbfe625ee92deb08664e938aa00\\netty-transport-native-unix-common-4.2.9.Final.jar;C:\\Users\\User\\.gradle\\caches\\modules-2\\files-2.1\\io.netty\\netty-codec-dns\\4.2.9.Final\\94e72675257d9dffa405f0e989de6acda962fed1\\netty-codec-dns-4.2.9.Final.jar;C:\\Users\\User\\.gradle\\caches\\modules-2\\files-2.1\\io.netty\\netty-codec-base\\4.2.9.Final\\1ecb17e188008c62aef9d03491f2fde6b06414bb\\netty-codec-base-4.2.9.Final.jar;C:\\Users\\User\\.gradle\\caches\\modules-2\\files-2.1\\io.netty\\netty-transport\\4.2.9.Final\\b864fc8ec3d72b6e22af88f5408b6ad7e41980ec\\netty-transport-4.2.9.Final.jar;C:\\Users\\User\\.gradle\\caches\\modules-2\\files-2.1\\io.netty\\netty-resolver\\4.2.9.Final\\faccff808e9166f1d689e054059b172cffc738ab\\netty-resolver-4.2.9.Final.jar;C:\\Users\\User\\.gradle\\caches\\modules-2\\files-2.1\\io.netty\\netty-buffer\\4.2.9.Final\\d419abb1b035e1ab4dae22766c3ebf37343cc82b\\netty-buffer-4.2.9.Final.jar;C:\\Users\\User\\.gradle\\caches\\modules-2\\files-2.1\\io.netty\\netty-common\\4.2.9.Final\\4429addd1a59cb52dde76102f61b3f696fd3b9c\\netty-common-4.2.9.Final.jar;C:\\Users\\User\\.gradle\\caches\\modules-2\\files-2.1\\io.projectreactor\\reactor-core\\3.8.1\\5c00fd2b5daae88de5adb072b1921acbf2ba64b0\\reactor-core-3.8.1.jar;C:\\Users\\User\\.gradle\\caches\\modules-2\\files-2.1\\io.swagger.core.v3\\swagger-core-jakarta\\2.2.29\\ad7a3b076125ecd61aa19cfe802d174d57f29f10\\swagger-core-jakarta-2.2.29.jar;C:\\Users\\User\\.gradle\\caches\\modules-2\\files-2.1\\org.webjars\\swagger-ui\\5.20.1\\cedf7971d2dc4ea4948ac379cc33ea5a8666172b\\swagger-ui-5.20.1.jar;C:\\Users\\User\\.gradle\\caches\\modules-2\\files-2.1\\org.webjars\\webjars-locator-lite\\1.1.2\\e7acbfaaf40f9cc2b67209a2a9c04b7fc4b19a5f\\webjars-locator-lite-1.1.2.jar;C:\\Users\\User\\.gradle\\caches\\modules-2\\files-2.1\\com.fasterxml.jackson.datatype\\jackson-datatype-jsr310\\2.20.1\\7ad06a455afc4a38412d5dab127191bdc3d90faf\\jackson-datatype-jsr310-2.20.1.jar;C:\\Users\\User\\.gradle\\caches\\modules-2\\files-2.1\\com.fasterxml.jackson.core\\jackson-core\\2.20.1\\5734323adfece72111769b0ae38a6cf803e3d178\\jackson-core-2.20.1.jar;C:\\Users\\User\\.gradle\\caches\\modules-2\\files-2.1\\com.fasterxml.jackson.dataformat\\jackson-dataformat-yaml\\2.20.1\\e6da043059c9ec631a3429ded461d5d92f240c3f\\jackson-dataformat-yaml-2.20.1.jar;C:\\Users\\User\\.gradle\\caches\\modules-2\\files-2.1\\com.fasterxml.jackson.core\\jackson-databind\\2.20.1\\9586a7fe0e1775de0e54237fa6a2c8455c93ac06\\jackson-databind-2.20.1.jar;C:\\Users\\User\\.gradle\\caches\\modules-2\\files-2.1\\com.jayway.jsonpath\\json-path\\2.10.0\\e1a0b2e6db75401181c9c1c64c6d155ca5c6d608\\json-path-2.10.0.jar;C:\\Users\\User\\.gradle\\caches\\modules-2\\files-2.1\\org.hibernate.orm\\hibernate-core\\7.2.0.Final\\841888e241221ad5748f317b6ff12b78ba98fc5\\hibernate-core-7.2.0.Final.jar;C:\\Users\\User\\.gradle\\caches\\modules-2\\files-2.1\\org.springframework\\spring-oxm\\7.0.2\\b4352789a2df17112190040249a58f3137104b3e\\spring-oxm-7.0.2.jar;C:\\Users\\User\\.gradle\\caches\\modules-2\\files-2.1\\org.glassfish.jaxb\\jaxb-runtime\\4.0.6\\fb95ebb62564657b2fedfe165b859789ef3a8711\\jaxb-runtime-4.0.6.jar;C:\\Users\\User\\.gradle\\caches\\modules-2\\files-2.1\\org.glassfish.jaxb\\jaxb-core\\4.0.6\\8e61282303777fc98a00cc3affd0560d68748a75\\jaxb-core-4.0.6.jar;C:\\Users\\User\\.gradle\\caches\\modules-2\\files-2.1\\jakarta.xml.bind\\jakarta.xml.bind-api\\4.0.4\\d6d2327f3817d9a33a3b6b8f2e15a96bc2e7afdc\\jakarta.xml.bind-api-4.0.4.jar;C:\\Users\\User\\.gradle\\caches\\modules-2\\files-2.1\\net.minidev\\json-smart\\2.6.0\\5f858a43a325a8673da6869ab2bc787a1bcb2244\\json-smart-2.6.0.jar;C:\\Users\\User\\.gradle\\caches\\modules-2\\files-2.1\\org.assertj\\assertj-core\\3.27.6\\8f34ccd6808899ad1d0aac6a770b73191f2f2a53\\assertj-core-3.27.6.jar;C:\\Users\\User\\.gradle\\caches\\modules-2\\files-2.1\\org.awaitility\\awaitility\\4.3.0\\f0c0bc1e404e500bab3f498b922eaedeae1c0207\\awaitility-4.3.0.jar;C:\\Users\\User\\.gradle\\caches\\modules-2\\files-2.1\\org.hamcrest\\hamcrest\\3.0\\8fd9b78a8e6a6510a078a9e30e9e86a6035cfaf7\\hamcrest-3.0.jar;C:\\Users\\User\\.gradle\\caches\\modules-2\\files-2.1\\org.mockito\\mockito-core\\5.20.0\\a32f446f38acf636363c5693db6498047731b9e0\\mockito-core-5.20.0.jar;C:\\Users\\User\\.gradle\\caches\\modules-2\\files-2.1\\org.skyscreamer\\jsonassert\\1.5.3\\aaa43e0823d2a0e106e8754d6a9c4ab24e05e9bc\\jsonassert-1.5.3.jar;C:\\Users\\User\\.gradle\\caches\\modules-2\\files-2.1\\org.springframework\\spring-test\\7.0.2\\47fb8017b5fd9d5030b2c3bde84dae8d7aa865fc\\spring-test-7.0.2.jar;C:\\Users\\User\\.gradle\\caches\\modules-2\\files-2.1\\org.springframework\\spring-orm\\7.0.2\\956faed8cab80d5d425fc140c4dd38b74e78e67e\\spring-orm-7.0.2.jar;C:\\Users\\User\\.gradle\\caches\\modules-2\\files-2.1\\org.springframework\\spring-jdbc\\7.0.2\\a885a68fc3b6835bad22986e0621ed038b838833\\spring-jdbc-7.0.2.jar;C:\\Users\\User\\.gradle\\caches\\modules-2\\files-2.1\\org.springframework\\spring-web\\7.0.2\\fc1f3eec8e102b896b06c0082bf4d08486e091d3\\spring-web-7.0.2.jar;C:\\Users\\User\\.gradle\\caches\\modules-2\\files-2.1\\org.springframework.data\\spring-data-commons\\4.0.1\\a1fc93b66fb617c1232f6e8b685ebea4c403611\\spring-data-commons-4.0.1.jar;C:\\Users\\User\\.gradle\\caches\\modules-2\\files-2.1\\org.springframework\\spring-tx\\7.0.2\\4fd7a9ae8a0c4490c66c7030024d2ec715e2f63e\\spring-tx-7.0.2.jar;C:\\Users\\User\\.gradle\\caches\\modules-2\\files-2.1\\org.springframework\\spring-beans\\7.0.2\\224739ac1b1bd96e866fb436cbcc46a7457a64a2\\spring-beans-7.0.2.jar;C:\\Users\\User\\.gradle\\caches\\modules-2\\files-2.1\\org.springframework\\spring-expression\\7.0.2\\692338c5c7eaeeeba4f0919b54216c1bf9fbee04\\spring-expression-7.0.2.jar;C:\\Users\\User\\.gradle\\caches\\modules-2\\files-2.1\\org.springframework\\spring-core\\7.0.2\\92b5608685a6212fe2ce3565bc1bf660505560c7\\spring-core-7.0.2.jar;C:\\Users\\User\\.gradle\\caches\\modules-2\\files-2.1\\org.xmlunit\\xmlunit-core\\2.10.4\\eff1eddcdb52fdeaa7e28ca68301db49361d8bec\\xmlunit-core-2.10.4.jar;C:\\Users\\User\\.gradle\\caches\\modules-2\\files-2.1\\org.springframework.boot\\spring-boot-starter-logging\\4.0.1\\95b39c11a1a69a48ababef38c9a415f25fead87b\\spring-boot-starter-logging-4.0.1.jar;C:\\Users\\User\\.gradle\\caches\\modules-2\\files-2.1\\jakarta.annotation\\jakarta.annotation-api\\3.0.0\\54f928fadec906a99d558536756d171917b9d936\\jakarta.annotation-api-3.0.0.jar;C:\\Users\\User\\.gradle\\caches\\modules-2\\files-2.1\\org.yaml\\snakeyaml\\2.5\\2d53ddec134280cb384c1e35d094e5f71c1f2316\\snakeyaml-2.5.jar;C:\\Users\\User\\.gradle\\caches\\modules-2\\files-2.1\\com.zaxxer\\HikariCP\\7.0.2\\c2b43c946b86a14a96342379e22b004c56c6166d\\HikariCP-7.0.2.jar;C:\\Users\\User\\.gradle\\caches\\modules-2\\files-2.1\\org.springframework\\spring-aspects\\7.0.2\\a137a7f1919da8e26b16a94063897f2900e21384\\spring-aspects-7.0.2.jar;C:\\Users\\User\\.gradle\\caches\\modules-2\\files-2.1\\org.apache.tomcat.embed\\tomcat-embed-el\\11.0.15\\f20bc5f17baa18abeca76a640ad774d6f80a265b\\tomcat-embed-el-11.0.15.jar;C:\\Users\\User\\.gradle\\caches\\modules-2\\files-2.1\\org.hibernate.validator\\hibernate-validator\\9.0.1.Final\\28c0e41ecc84d1f0b8b6d81d16e0784e63364e68\\hibernate-validator-9.0.1.Final.jar;C:\\Users\\User\\.gradle\\caches\\modules-2\\files-2.1\\ch.qos.logback\\logback-classic\\1.5.22\\b5212de704deea1a38a41a2bf8de274e7c9cd653\\logback-classic-1.5.22.jar;C:\\Users\\User\\.gradle\\caches\\modules-2\\files-2.1\\org.apache.logging.log4j\\log4j-to-slf4j\\2.25.3\\30adfb40cca243ec88cf7ec1fddb411ab55faa4f\\log4j-to-slf4j-2.25.3.jar;C:\\Users\\User\\.gradle\\caches\\modules-2\\files-2.1\\org.slf4j\\jul-to-slf4j\\2.0.17\\524cb6ccc2b68a57604750e1ab8b13b5a786a6aa\\jul-to-slf4j-2.0.17.jar;C:\\Users\\User\\.gradle\\caches\\modules-2\\files-2.1\\org.slf4j\\slf4j-api\\2.0.17\\d9e58ac9c7779ba3bf8142aff6c830617a7fe60f\\slf4j-api-2.0.17.jar;C:\\Users\\User\\.gradle\\caches\\modules-2\\files-2.1\\org.reactivestreams\\reactive-streams\\1.0.4\\3864a1320d97d7b045f729a326e1e077661f31b7\\reactive-streams-1.0.4.jar;C:\\Users\\User\\.gradle\\caches\\modules-2\\files-2.1\\io.micrometer\\micrometer-observation\\1.16.1\\659a6aa16a5e541de071ef7ba6cb7ef35d59ce2a\\micrometer-observation-1.16.1.jar;C:\\Users\\User\\.gradle\\caches\\modules-2\\files-2.1\\io.micrometer\\micrometer-commons\\1.16.1\\1b14b7052dd88e35625b3f5505f9bb8a9b0fedb8\\micrometer-commons-1.16.1.jar;C:\\Users\\User\\.gradle\\caches\\modules-2\\files-2.1\\org.jspecify\\jspecify\\1.0.0\\7425a601c1c7ec76645a78d22b8c6a627edee507\\jspecify-1.0.0.jar;C:\\Users\\User\\.gradle\\caches\\modules-2\\files-2.1\\org.apache.commons\\commons-lang3\\3.19.0\\d6524b169a6574cd253760c472d419b47bfd37e6\\commons-lang3-3.19.0.jar;C:\\Users\\User\\.gradle\\caches\\modules-2\\files-2.1\\io.swagger.core.v3\\swagger-annotations-jakarta\\2.2.29\\e2718102ee6e460c41527ee9a4e0e5ee4ba999df\\swagger-annotations-jakarta-2.2.29.jar;C:\\Users\\User\\.gradle\\caches\\modules-2\\files-2.1\\io.swagger.core.v3\\swagger-models-jakarta\\2.2.29\\2225e869eb78ddd039dd5abc2e5c9bd9abca2114\\swagger-models-jakarta-2.2.29.jar;C:\\Users\\User\\.gradle\\caches\\modules-2\\files-2.1\\jakarta.validation\\jakarta.validation-api\\3.1.1\\ec8622148afc5564235d17af80ea80288d0e7f92\\jakarta.validation-api-3.1.1.jar;C:\\Users\\User\\.gradle\\caches\\modules-2\\files-2.1\\tools.jackson.core\\jackson-core\\3.0.3\\d208ec73d6a17667a0462cfc3237076a087bc936\\jackson-core-3.0.3.jar;C:\\Users\\User\\.gradle\\caches\\modules-2\\files-2.1\\tools.jackson.core\\jackson-databind\\3.0.3\\c024f05711e311341d4338cbb7905696e20921f8\\jackson-databind-3.0.3.jar;C:\\Users\\User\\.gradle\\caches\\modules-2\\files-2.1\\com.fasterxml.jackson.core\\jackson-annotations\\2.20\\6a5e7291ea3f2b590a7ce400adb7b3aea4d7e12c\\jackson-annotations-2.20.jar;C:\\Users\\User\\.gradle\\caches\\modules-2\\files-2.1\\org.eclipse.angus\\angus-activation\\2.0.3\\7f80607ea5014fef0b1779e6c33d63a88a45a563\\angus-activation-2.0.3.jar;C:\\Users\\User\\.gradle\\caches\\modules-2\\files-2.1\\jakarta.activation\\jakarta.activation-api\\2.1.4\\9e5c2a0d75dde71a0bedc4dbdbe47b78a5dc50f8\\jakarta.activation-api-2.1.4.jar;C:\\Users\\User\\.gradle\\caches\\modules-2\\files-2.1\\net.minidev\\accessors-smart\\2.6.0\\2d96f1d9b6ab7f13261aa81b15703574185747a0\\accessors-smart-2.6.0.jar;C:\\Users\\User\\.gradle\\caches\\modules-2\\files-2.1\\net.bytebuddy\\byte-buddy\\1.17.8\\af5735f63d00ca47a9375fae5c7471a36331c6ed\\byte-buddy-1.17.8.jar;C:\\Users\\User\\.gradle\\caches\\modules-2\\files-2.1\\net.bytebuddy\\byte-buddy-agent\\1.17.8\\f09415827a71be7ed621c7bd02550678f28bc81c\\byte-buddy-agent-1.17.8.jar;C:\\Users\\User\\.gradle\\caches\\modules-2\\files-2.1\\org.objenesis\\objenesis\\3.3\\1049c09f1de4331e8193e579448d0916d75b7631\\objenesis-3.3.jar;C:\\Users\\User\\.gradle\\caches\\modules-2\\files-2.1\\com.vaadin.external.google\\android-json\\0.0.20131108.vaadin1\\fa26d351fe62a6a17f5cda1287c1c6110dec413f\\android-json-0.0.20131108.vaadin1.jar;C:\\Users\\User\\.gradle\\caches\\modules-2\\files-2.1\\commons-logging\\commons-logging\\1.3.5\\a3fcc5d3c29b2b03433aa2d2f2d2c1b1638924a1\\commons-logging-1.3.5.jar;C:\\Users\\User\\.gradle\\caches\\modules-2\\files-2.1\\org.opentest4j\\opentest4j\\1.3.0\\152ea56b3a72f655d4fd677fc0ef2596c3dd5e6e\\opentest4j-1.3.0.jar;C:\\Users\\User\\.gradle\\caches\\modules-2\\files-2.1\\org.antlr\\antlr4-runtime\\4.13.2\\fc3db6d844df652a3d5db31c87fa12757f13691d\\antlr4-runtime-4.13.2.jar;C:\\Users\\User\\.gradle\\caches\\modules-2\\files-2.1\\org.aspectj\\aspectjweaver\\1.9.25.1\\a713c790da4d794c7dfb542b550d4e44898d5e23\\aspectjweaver-1.9.25.1.jar;C:\\Users\\User\\.gradle\\caches\\modules-2\\files-2.1\\org.hibernate.models\\hibernate-models\\1.0.1\\3158c5f9309494b905de62c72f6f02d108aea651\\hibernate-models-1.0.1.jar;C:\\Users\\User\\.gradle\\caches\\modules-2\\files-2.1\\org.jboss.logging\\jboss-logging\\3.6.1.Final\\886afbb445b4016a37c8960a7aef6ebd769ce7e5\\jboss-logging-3.6.1.Final.jar;C:\\Users\\User\\.gradle\\caches\\modules-2\\files-2.1\\com.fasterxml\\classmate\\1.7.1\\e803194e4362a2c0585087c5f315682897d12f00\\classmate-1.7.1.jar;C:\\Users\\User\\.gradle\\caches\\modules-2\\files-2.1\\org.apache.tomcat.embed\\tomcat-embed-websocket\\11.0.15\\4c0eced7d97fe8404c722d5ff02757a05a6d5033\\tomcat-embed-websocket-11.0.15.jar;C:\\Users\\User\\.gradle\\caches\\modules-2\\files-2.1\\org.apache.tomcat.embed\\tomcat-embed-core\\11.0.15\\aa20506537e3efa61afd6b57d79f9da6a55f37ae\\tomcat-embed-core-11.0.15.jar;C:\\Users\\User\\.gradle\\caches\\modules-2\\files-2.1\\org.ow2.asm\\asm\\9.7.1\\f0ed132a49244b042cd0e15702ab9f2ce3cc8436\\asm-9.7.1.jar;C:\\Users\\User\\.gradle\\caches\\modules-2\\files-2.1\\ch.qos.logback\\logback-core\\1.5.22\\7c3ee4420b36bd499fa4f9f18a81d54a64fe0218\\logback-core-1.5.22.jar;C:\\Users\\User\\.gradle\\caches\\modules-2\\files-2.1\\org.apache.logging.log4j\\log4j-api\\2.25.3\\fb385330d89c2d61058ef649403f214633569205\\log4j-api-2.25.3.jar;C:\\Users\\User\\.gradle\\caches\\modules-2\\files-2.1\\jakarta.persistence\\jakarta.persistence-api\\3.2.0\\bb75a113f3fa191c2c7ee7b206d8e674251b3129\\jakarta.persistence-api-3.2.0.jar;C:\\Users\\User\\.gradle\\caches\\modules-2\\files-2.1\\jakarta.transaction\\jakarta.transaction-api\\2.0.1\\51a520e3fae406abb84e2e1148e6746ce3f80a1a\\jakarta.transaction-api-2.0.1.jar;C:\\Users\\User\\.gradle\\caches\\modules-2\\files-2.1\\jakarta.inject\\jakarta.inject-api\\2.0.1\\4c28afe1991a941d7702fe1362c365f0a8641d1e\\jakarta.inject-api-2.0.1.jar;C:\\Users\\User\\.gradle\\caches\\modules-2\\files-2.1\\org.springframework.security\\spring-security-crypto\\7.0.2\\8cec3433f111e21d6349a9788a1efcf547b8db03\\spring-security-crypto-7.0.2.jar;C:\\Users\\User\\.gradle\\caches\\modules-2\\files-2.1\\org.glassfish.jaxb\\txw2\\4.0.6\\4f4cd53b5ff9a2c5aa1211f15ed2569c57dfb044\\txw2-4.0.6.jar;C:\\Users\\User\\.gradle\\caches\\modules-2\\files-2.1\\com.sun.istack\\istack-commons-runtime\\4.1.2\\18ec117c85f3ba0ac65409136afa8e42bc74e739\\istack-commons-runtime-4.1.2.jar
Launcher Type: SUN_STANDARD

[Global flags]
     intx CICompilerCount                          = 12                                        {product} {ergonomic}
     uint ConcGCThreads                            = 3                                         {product} {ergonomic}
     uint G1ConcRefinementThreads                  = 13                                        {product} {ergonomic}
   size_t G1HeapRegionSize                         = 1048576                                   {product} {ergonomic}
    uintx GCDrainStackTargetSize                   = 64                                        {product} {ergonomic}
   size_t InitialHeapSize                          = 127926272                                 {product} {ergonomic}
   size_t MarkStackSize                            = 4194304                                   {product} {ergonomic}
   size_t MaxHeapSize                              = 536870912                                 {product} {command line}
   size_t MinHeapDeltaBytes                        = 1048576                                   {product} {ergonomic}
   size_t MinHeapSize                              = 8388608                                   {product} {ergonomic}
    uintx NonNMethodCodeHeapSize                   = 7602480                                {pd product} {ergonomic}
    uintx NonProfiledCodeHeapSize                  = 122027880                              {pd product} {ergonomic}
    uintx ProfiledCodeHeapSize                     = 122027880                              {pd product} {ergonomic}
    uintx ReservedCodeCacheSize                    = 251658240                              {pd product} {ergonomic}
     bool SegmentedCodeCache                       = true                                      {product} {ergonomic}
   size_t SoftMaxHeapSize                          = 536870912                              {manageable} {ergonomic}
     bool UseCompressedOops                        = true                           {product lp64_product} {ergonomic}
     bool UseG1GC                                  = true                                      {product} {ergonomic}
     bool UseLargePagesIndividualAllocation        = false                                  {pd product} {ergonomic}

Logging:
Log output configuration:
 #0: stdout all=warning uptime,level,tags foldmultilines=false
 #1: stderr all=off uptime,level,tags foldmultilines=false

Release file:
<release file has not been read>
Environment Variables:
JAVA_HOME=C:\Program Files\Java\jdk-23
CLASSPATH=.;C:\Program Files\Java\jdk-23\lib\tools.jar
PATH=C:\Program Files\Java\jdk-23\bin\;C:\Program Files\Common Files\Oracle\Java\javapath;C:\Program Files\Eclipse Adoptium\jdk-21.0.2.13-hotspot\bin;C:\WINDOWS\system32;C:\WINDOWS;C:\WINDOWS\System32\Wbem;D:\java\FrStudy\gradle-8.8-bin\gradle-8.8\bin;C:\Windows\System32\OpenSSH;C:\Program Files\dotnet\;C:\Program Files\Git\cmd;C:\Program Files\MySQL\MySQL Server 9.0\bin;C:\Program Files\Java\jdk-23\bin;C:\Program Files\MongoDB\Server\8.0\bin;C:\Users\User\AppData\Local\Programs\Python\Python39;C:\WINDOWS\System32\WindowsPowerShell\v1.0\;C:\WINDOWS\System32\OpenSSH\;C:\Program Files\Java\jdk-23\bin;D:\tomcat\apache-tomcat-11.0.5\bin;C:\msys64\mingw64\bin;C:\oraclexe\app\oracle\product\11.2.0\server;C:\oraclexe\app\oracle\product\11.2.0\server\bin;C:\Program Files\Docker\Docker\resources\bin;C:\Program Files\nodejs\;C:\Program Files\Cloudflare\Cloudflare WARP\;C:\Scoop\apps\postgresql\current\bin;C:\Scoop\shims;C:\Users\User\AppData\Local\Programs\Python\Python311\Scripts\;C:\Users\User\AppData\Local\Programs\Python\Python311\;C:\Users\User\AppData\Local\Programs\Python\Python313\Scripts\;C:\Users\User\AppData\Local\Programs\Python\Python313\;C:\Users\User\AppData\Local\Microsoft\WindowsApps;C:\Users\User\AppData\Local\Programs\Microsoft VS Code\bin;C:\Users\User\AppData\Local\JetBrains\Toolbox\scripts;C:\Program Files\MariaDB 11.3\bin;C:\Users\User\.dotnet\tools;C:\Users\User\AppData\Local\Microsoft\WindowsApps;C:\Users\User\AppData\Local\Google\Cloud SDK\google-cloud-sdk\bin;C:\Users\User\AppData\Roaming\npm
USERNAME=User
OS=Windows_NT
PROCESSOR_IDENTIFIER=Intel64 Family 6 Model 154 Stepping 3, GenuineIntel
TMP=C:\Users\User\AppData\Local\Temp
TEMP=C:\Users\User\AppData\Local\Temp




Periodic native trim disabled

---------------  S Y S T E M  ---------------

OS:
 Windows 11 , 64 bit Build 26100 (10.0.26100.7309)
OS uptime: 7 days 7:26 hours
Hyper-V role detected

CPU: total 16 (initial active 16) (8 cores per cpu, 2 threads per core) family 6 model 154 stepping 3 microcode 0x423, cx8, cmov, fxsr, ht, mmx, 3dnowpref, sse, sse2, sse3, ssse3, sse4.1, sse4.2, popcnt, lzcnt, tsc, tscinvbit, avx, avx2, aes, erms, clmul, bmi1, bmi2, adx, sha, fma, vzeroupper, clflush, clflushopt, clwb, hv, serialize, rdtscp, rdpid, fsrm, f16c, cet_ibt, cet_ss
Processor Information for processor 0
  Max Mhz: 2100, Current Mhz: 2100, Mhz Limit: 2100
Processor Information for processor 1
  Max Mhz: 2100, Current Mhz: 1453, Mhz Limit: 2100
Processor Information for processor 2
  Max Mhz: 2100, Current Mhz: 2100, Mhz Limit: 2100
Processor Information for processor 3
  Max Mhz: 2100, Current Mhz: 2100, Mhz Limit: 2100
Processor Information for processor 4
  Max Mhz: 2100, Current Mhz: 2100, Mhz Limit: 2100
Processor Information for processor 5
  Max Mhz: 2100, Current Mhz: 2100, Mhz Limit: 2100
Processor Information for processor 6
  Max Mhz: 2100, Current Mhz: 2100, Mhz Limit: 2100
Processor Information for processor 7
  Max Mhz: 2100, Current Mhz: 2100, Mhz Limit: 2100
Processor Information for processor 8
  Max Mhz: 2100, Current Mhz: 1500, Mhz Limit: 1491
Processor Information for processor 9
  Max Mhz: 2100, Current Mhz: 1500, Mhz Limit: 1491
Processor Information for processor 10
  Max Mhz: 2100, Current Mhz: 1500, Mhz Limit: 1491
Processor Information for processor 11
  Max Mhz: 2100, Current Mhz: 1500, Mhz Limit: 1491
Processor Information for processor 12
  Max Mhz: 2100, Current Mhz: 1500, Mhz Limit: 1491
Processor Information for processor 13
  Max Mhz: 2100, Current Mhz: 1500, Mhz Limit: 1491
Processor Information for processor 14
  Max Mhz: 2100, Current Mhz: 1500, Mhz Limit: 1491
Processor Information for processor 15
  Max Mhz: 2100, Current Mhz: 1500, Mhz Limit: 1491

Memory: 4k page, system-wide physical 7805M (647M free)
TotalPageFile size 31357M (AvailPageFile size 116M)
current process WorkingSet (physical memory assigned to process): 12M, peak: 12M
current process commit charge ("private bytes"): 70M, peak: 192M

vm_info: OpenJDK 64-Bit Server VM (21.0.9+10-LTS) for windows-amd64 JRE (21.0.9+10-LTS), built on 2025-10-21T00:00:00Z by "admin" with unknown MS VC++:1942

END.
